<?xml version="1.0" encoding="UTF-8"?>
<!-- Generated by org.testng.reporters.JUnitReportReporter -->
<testsuite hostname="DESKTOP-1D3CBA8" failures="0" tests="8" name="sample.WIRE_TRANSFER" time="74.867" errors="0" timestamp="2023-01-02T17:14:54 IST" skipped="0">
  <testcase classname="sample.WIRE_TRANSFER" name="WIRETRANS" time="9.335"/>
  <system-out/>
  <testcase classname="sample.WIRE_TRANSFER" name="WIRETRANS" time="8.316"/>
  <system-out/>
  <testcase classname="sample.WIRE_TRANSFER" name="WIRETRANS" time="9.793"/>
  <system-out/>
  <testcase classname="sample.WIRE_TRANSFER" name="WIRETRANS" time="11.901"/>
  <system-out/>
  <testcase classname="sample.WIRE_TRANSFER" name="WIRETRANS" time="9.081"/>
  <system-out/>
  <testcase classname="sample.WIRE_TRANSFER" name="WIRETRANS" time="8.268"/>
  <system-out/>
  <testcase classname="sample.WIRE_TRANSFER" name="WIRETRANS" time="9.532"/>
  <system-out/>
  <testcase classname="sample.WIRE_TRANSFER" name="WIRETRANS" time="8.641"/>
  <system-out/>
</testsuite> <!-- sample.WIRE_TRANSFER -->
