<?xml version="1.0" encoding="UTF-8"?>
<!-- Generated by org.testng.reporters.JUnitReportReporter -->
<testsuite hostname="DESKTOP-1D3CBA8" failures="0" tests="8" name="sample.SEND_MONEY" time="91.659" errors="0" timestamp="2023-01-02T17:14:54 IST" skipped="0">
  <testcase classname="sample.SEND_MONEY" name="SENDMONEY" time="15.686"/>
  <system-out/>
  <testcase classname="sample.SEND_MONEY" name="SENDMONEY" time="9.626"/>
  <system-out/>
  <testcase classname="sample.SEND_MONEY" name="SENDMONEY" time="10.501"/>
  <system-out/>
  <testcase classname="sample.SEND_MONEY" name="SENDMONEY" time="11.935"/>
  <system-out/>
  <testcase classname="sample.SEND_MONEY" name="SENDMONEY" time="9.391"/>
  <system-out/>
  <testcase classname="sample.SEND_MONEY" name="SENDMONEY" time="10.384"/>
  <system-out/>
  <testcase classname="sample.SEND_MONEY" name="SENDMONEY" time="11.280"/>
  <system-out/>
  <testcase classname="sample.SEND_MONEY" name="SENDMONEY" time="12.856"/>
  <system-out/>
</testsuite> <!-- sample.SEND_MONEY -->
