<?xml version="1.0" encoding="UTF-8"?>
<!-- Generated by org.testng.reporters.JUnitReportReporter -->
<testsuite hostname="DESKTOP-1D3CBA8" failures="0" tests="8" name="sample.EXCHANGE_MONEY" time="87.394" errors="0" timestamp="2023-01-02T17:14:54 IST" skipped="0">
  <testcase classname="sample.EXCHANGE_MONEY" name="EXCHANGEMONEY" time="11.170"/>
  <system-out/>
  <testcase classname="sample.EXCHANGE_MONEY" name="EXCHANGEMONEY" time="10.043"/>
  <system-out/>
  <testcase classname="sample.EXCHANGE_MONEY" name="EXCHANGEMONEY" time="13.420"/>
  <system-out/>
  <testcase classname="sample.EXCHANGE_MONEY" name="EXCHANGEMONEY" time="13.357"/>
  <system-out/>
  <testcase classname="sample.EXCHANGE_MONEY" name="EXCHANGEMONEY" time="9.355"/>
  <system-out/>
  <testcase classname="sample.EXCHANGE_MONEY" name="EXCHANGEMONEY" time="10.786"/>
  <system-out/>
  <testcase classname="sample.EXCHANGE_MONEY" name="EXCHANGEMONEY" time="10.663"/>
  <system-out/>
  <testcase classname="sample.EXCHANGE_MONEY" name="EXCHANGEMONEY" time="8.600"/>
  <system-out/>
</testsuite> <!-- sample.EXCHANGE_MONEY -->
