<?xml version="1.0" encoding="UTF-8"?>
<!-- Generated by org.testng.reporters.JUnitReportReporter -->
<testsuite hostname="DESKTOP-1D3CBA8" failures="0" tests="8" name="sample.DASHBOARD_01" time="130.006" errors="0" timestamp="2023-01-02T17:14:54 IST" skipped="0">
  <testcase classname="sample.DASHBOARD_01" name="SUPPORTTICKET" time="16.207"/>
  <system-out/>
  <testcase classname="sample.DASHBOARD_01" name="SUPPORTTICKET" time="19.017"/>
  <system-out/>
  <testcase classname="sample.DASHBOARD_01" name="SUPPORTTICKET" time="14.998"/>
  <system-out/>
  <testcase classname="sample.DASHBOARD_01" name="SUPPORTTICKET" time="16.566"/>
  <system-out/>
  <testcase classname="sample.DASHBOARD_01" name="SUPPORTTICKET" time="13.823"/>
  <system-out/>
  <testcase classname="sample.DASHBOARD_01" name="SUPPORTTICKET" time="16.103"/>
  <system-out/>
  <testcase classname="sample.DASHBOARD_01" name="SUPPORTTICKET" time="16.043"/>
  <system-out/>
  <testcase classname="sample.DASHBOARD_01" name="SUPPORTTICKET" time="17.249"/>
  <system-out/>
</testsuite> <!-- sample.DASHBOARD_01 -->
